<?xml version="1.0" encoding="UTF-8"?>
<testng-results ignored="0" total="1" passed="1" failed="0" skipped="0">
  <reporter-output>
    <line>
      <![CDATA[----open browser----]]>
    </line>
    <line>
      <![CDATA[---login to application---]]>
    </line>
    <line>
      <![CDATA[---Verify username from homepage---]]>
    </line>
    <line>
      <![CDATA[---logout from application]]>
    </line>
    <line>
      <![CDATA[---close browser---]]>
    </line>
  </reporter-output>
  <suite started-at="2023-10-10T11:27:05 IST" name="Default suite" finished-at="2023-10-10T11:27:51 IST" duration-ms="45977">
    <groups>
    </groups>
    <test started-at="2023-10-10T11:27:05 IST" name="Default test" finished-at="2023-10-10T11:27:51 IST" duration-ms="45977">
      <class name="POM.FacebookTest_Base_Utility">
        <test-method is-config="true" signature="openbrowser()[pri:0, instance:POM.FacebookTest_Base_Utility@7b2bbc3]" started-at="2023-10-10T11:27:05 IST" name="openbrowser" finished-at="2023-10-10T11:27:18 IST" duration-ms="12361" status="PASS">
          <reporter-output>
            <line>
              <![CDATA[----open browser----]]>
            </line>
          </reporter-output>
        </test-method> <!-- openbrowser -->
        <test-method is-config="true" signature="loginToApplication()[pri:0, instance:POM.FacebookTest_Base_Utility@7b2bbc3]" started-at="2023-10-10T11:27:18 IST" name="loginToApplication" finished-at="2023-10-10T11:27:34 IST" duration-ms="16639" status="PASS">
          <reporter-output>
            <line>
              <![CDATA[---login to application---]]>
            </line>
          </reporter-output>
        </test-method> <!-- loginToApplication -->
        <test-method signature="verify_username()[pri:0, instance:POM.FacebookTest_Base_Utility@7b2bbc3]" started-at="2023-10-10T11:27:34 IST" name="verify_username" finished-at="2023-10-10T11:27:47 IST" duration-ms="12693" status="PASS">
          <reporter-output>
            <line>
              <![CDATA[---Verify username from homepage---]]>
            </line>
          </reporter-output>
        </test-method> <!-- verify_username -->
        <test-method is-config="true" signature="logoutFromApplication()[pri:0, instance:POM.FacebookTest_Base_Utility@7b2bbc3]" started-at="2023-10-10T11:27:47 IST" name="logoutFromApplication" finished-at="2023-10-10T11:27:50 IST" duration-ms="3458" status="PASS">
          <reporter-output>
            <line>
              <![CDATA[---logout from application]]>
            </line>
          </reporter-output>
        </test-method> <!-- logoutFromApplication -->
        <test-method is-config="true" signature="closeBrowser()[pri:0, instance:POM.FacebookTest_Base_Utility@7b2bbc3]" started-at="2023-10-10T11:27:50 IST" name="closeBrowser" finished-at="2023-10-10T11:27:51 IST" duration-ms="667" status="PASS">
          <reporter-output>
            <line>
              <![CDATA[---close browser---]]>
            </line>
          </reporter-output>
        </test-method> <!-- closeBrowser -->
      </class> <!-- POM.FacebookTest_Base_Utility -->
    </test> <!-- Default test -->
  </suite> <!-- Default suite -->
</testng-results>
